<?xml version="1.0" encoding="UTF-8"?>
<testsuite xmlns:xsi="http://www.w3.org/2001/XMLSchema-instance" xsi:noNamespaceSchemaLocation="https://maven.apache.org/surefire/maven-surefire-plugin/xsd/surefire-test-report.xsd" version="3.0.2" name="temperature.TemperatureBatchProcessorTest" time="0.353" tests="5" errors="0" skipped="0" failures="0">
  <properties>
[...]
</properties>
  <testcase name="doesNotCreateSummaryWhenInputFileIsMissing" classname="temperature.TemperatureBatchProcessorTest" time="0.167">
    <system-out><![CDATA[Error: File not found.
]]></system-out>
  </testcase>
  <testcase name="writesSummaryForValidTemperatureReadings" classname="temperature.TemperatureBatchProcessorTest" time="0.071">
    <system-out><![CDATA[============================================================
Temperature Analysis Summary
============================================================
Total readings: 10
Valid readings: 10
Errors: 0
Max temperature: 26.10
Min temperature: 22.40
Average temperature: 24.10
------------------------------------------------------------
Report saved to C:\Users\320281~1\AppData\Local\Temp\junit-2242197128866731441\test_temps.csv_summary.txt
]]></system-out>
  </testcase>
  <testcase name="doesNotCreateSummaryWhenNoValidDataExists" classname="temperature.TemperatureBatchProcessorTest" time="0.019">
    <system-out><![CDATA[No valid temperature data found.
]]></system-out>
  </testcase>
  <testcase name="writesInvalidLineDetailsForMixedInput" classname="temperature.TemperatureBatchProcessorTest" time="0.012">
    <system-out><![CDATA[============================================================
Temperature Analysis Summary
============================================================
Total readings: 5
Valid readings: 2
Errors: 3
Max temperature: 24.00
Min temperature: 23.50
Average temperature: 23.75
------------------------------------------------------------
Invalid lines:
  Line 2: bad line
  Line 3: 09:16:00,not-a-number
  Line 4: 09:17:00,250
Report saved to C:\Users\320281~1\AppData\Local\Temp\junit-1347217171394079380\mixed_temps.csv_summary.txt
]]></system-out>
  </testcase>
  <testcase name="writesExactTemperatureStatistics" classname="temperature.TemperatureBatchProcessorTest" time="0.019">
    <system-out><![CDATA[============================================================
Temperature Analysis Summary
============================================================
Total readings: 5
Valid readings: 4
Errors: 0
Max temperature: 40.00
Min temperature: 10.00
Average temperature: 25.00
------------------------------------------------------------
Report saved to C:\Users\320281~1\AppData\Local\Temp\junit-5957670899079782814\stats_temps.csv_summary.txt
]]></system-out>
  </testcase>
</testsuite>